<?xml version="1.0" encoding="UTF-8"?>
<!-- Generated by org.testng.reporters.JUnitReportReporter -->
<testsuite skipped="0" hostname="Jyotsna-HP" name="qaclickacademy.AppiumTest" tests="2" failures="0" timestamp="20 Apr 2019 07:06:35 GMT" time="0.000" errors="0">
  <testcase name="BrowseAppium" time="0.000" classname="qaclickacademy.AppiumTest"/>
  <testcase name="elementsAppium" time="0.000" classname="qaclickacademy.AppiumTest"/>
</testsuite> <!-- qaclickacademy.AppiumTest -->
