<?xml version="1.0" encoding="UTF-8"?>
<!-- Generated by org.testng.reporters.JUnitReportReporter -->
<testsuite skipped="0" hostname="Jyotsna-HP" name="qaclickacademy.RestAPITest" tests="2" failures="0" timestamp="20 Apr 2019 07:07:03 GMT" time="0.000" errors="0">
  <testcase name="postJira" time="0.000" classname="qaclickacademy.RestAPITest"/>
  <testcase name="deleteTwitter" time="0.000" classname="qaclickacademy.RestAPITest"/>
</testsuite> <!-- qaclickacademy.RestAPITest -->
